<?xml version="1.0" encoding="UTF-8"?>
<!-- Generated by org.testng.reporters.JUnitReportReporter -->
<testsuite skipped="0" hostname="DESKTOP-1892A8H" name="tests.LandingPageTests" tests="1" failures="0" timestamp="2020-04-30T09:38:44 CEST" time="13.569" errors="0">
  <testcase name="openLandingPage" time="13.569" classname="tests.LandingPageTests"/>
</testsuite> <!-- tests.LandingPageTests -->
